[2018-10-30 12:49:03] Текст ошибки:Страница не найдена | Файл: G:\OpenServer\domains\ishop2.loc\public\index.php | Строка: 23 
====================
[2018-10-30 12:49:04] Текст ошибки:Страница не найдена | Файл: G:\OpenServer\domains\ishop2.loc\public\index.php | Строка: 23 
====================
[2018-10-30 12:50:23] Текст ошибки:Страница не найдена | Файл: G:\OpenServer\domains\ishop2.loc\public\index.php | Строка: 23 
====================
[2018-10-30 12:50:23] Текст ошибки:Страница не найдена | Файл: G:\OpenServer\domains\ishop2.loc\public\index.php | Строка: 23 
====================
[2018-10-30 12:51:39] Текст ошибки:Страница не найдена | Файл: G:\OpenServer\domains\ishop2.loc\public\index.php | Строка: 23 
====================
[2018-10-30 12:51:39] Текст ошибки:Страница не найдена | Файл: G:\OpenServer\domains\ishop2.loc\public\index.php | Строка: 23 
====================
[2018-10-30 12:52:40] Текст ошибки:Страница не найдена | Файл: G:\OpenServer\domains\ishop2.loc\public\index.php | Строка: 23 
====================
[2018-10-30 12:52:40] Текст ошибки:Страница не найдена | Файл: G:\OpenServer\domains\ishop2.loc\public\index.php | Строка: 23 
====================
[2018-10-30 13:07:19] Текст ошибки:Страница не найдена | Файл: G:\OpenServer\domains\ishop2.loc\public\index.php | Строка: 23 
====================
[2018-10-30 13:07:19] Текст ошибки:Страница не найдена | Файл: G:\OpenServer\domains\ishop2.loc\public\index.php | Строка: 23 
====================
[2018-10-30 13:07:47] Текст ошибки:Страница не найдена | Файл: G:\OpenServer\domains\ishop2.loc\public\index.php | Строка: 23 
====================
[2018-10-30 13:07:47] Текст ошибки:Страница не найдена | Файл: G:\OpenServer\domains\ishop2.loc\public\index.php | Строка: 23 
====================
[2018-10-30 13:07:47] Текст ошибки:Страница не найдена | Файл: G:\OpenServer\domains\ishop2.loc\public\index.php | Строка: 23 
====================
[2018-10-30 13:12:23] Текст ошибки:Страница не найдена | Файл: G:\OpenServer\domains\ishop2.loc\public\index.php | Строка: 23 
====================
[2018-10-30 13:12:23] Текст ошибки:Страница не найдена | Файл: G:\OpenServer\domains\ishop2.loc\public\index.php | Строка: 23 
====================
[2018-10-30 13:12:24] Текст ошибки:Страница не найдена | Файл: G:\OpenServer\domains\ishop2.loc\public\index.php | Строка: 23 
====================
[2018-10-30 13:13:42] Текст ошибки:Страница не найдена | Файл: G:\OpenServer\domains\ishop2.loc\public\index.php | Строка: 23 
====================
[2018-10-30 13:13:42] Текст ошибки:Страница не найдена | Файл: G:\OpenServer\domains\ishop2.loc\public\index.php | Строка: 23 
====================
[2018-10-30 13:13:42] Текст ошибки:Страница не найдена | Файл: G:\OpenServer\domains\ishop2.loc\public\index.php | Строка: 23 
====================
[2018-10-30 13:14:42] Текст ошибки:Страница не найдена | Файл: G:\OpenServer\domains\ishop2.loc\public\index.php | Строка: 23 
====================
[2018-10-30 13:14:42] Текст ошибки:Страница не найдена | Файл: G:\OpenServer\domains\ishop2.loc\public\index.php | Строка: 23 
====================
[2018-10-30 13:14:43] Текст ошибки:Страница не найдена | Файл: G:\OpenServer\domains\ishop2.loc\public\index.php | Строка: 23 
====================
[2018-10-30 14:03:14] Текст ошибки:Страница не найдена | Файл: G:\OpenServer\domains\ishop2.loc\public\index.php | Строка: 23 
====================
[2018-10-30 14:03:15] Текст ошибки:Страница не найдена | Файл: G:\OpenServer\domains\ishop2.loc\public\index.php | Строка: 14 
====================
[2018-10-30 14:03:16] Текст ошибки:Страница не найдена | Файл: G:\OpenServer\domains\ishop2.loc\public\index.php | Строка: 14 
====================
[2018-10-30 14:03:58] Текст ошибки:Страница не найдена | Файл: G:\OpenServer\domains\ishop2.loc\public\index.php | Строка: 14 
====================
[2018-10-30 14:03:58] Текст ошибки:Страница не найдена | Файл: G:\OpenServer\domains\ishop2.loc\public\index.php | Строка: 14 
====================
[2018-10-30 14:03:58] Текст ошибки:Страница не найдена | Файл: G:\OpenServer\domains\ishop2.loc\public\index.php | Строка: 14 
====================
[2018-10-30 14:05:02] Текст ошибки:Страница не найдена | Файл: G:\OpenServer\domains\ishop2.loc\public\index.php | Строка: 14 
====================
[2018-10-30 14:05:02] Текст ошибки:Страница не найдена | Файл: G:\OpenServer\domains\ishop2.loc\public\index.php | Строка: 14 
====================
[2018-10-30 14:05:03] Текст ошибки:Страница не найдена | Файл: G:\OpenServer\domains\ishop2.loc\public\index.php | Строка: 14 
====================
[2018-10-30 14:07:58] Текст ошибки:Страница не найдена | Файл: G:\OpenServer\domains\ishop2.loc\public\index.php | Строка: 14 
====================
[2018-10-30 14:07:58] Текст ошибки:Страница не найдена | Файл: G:\OpenServer\domains\ishop2.loc\public\index.php | Строка: 14 
====================
[2018-10-30 14:07:58] Текст ошибки:Страница не найдена | Файл: G:\OpenServer\domains\ishop2.loc\public\index.php | Строка: 14 
====================
[2018-10-30 14:10:56] Текст ошибки:Страница не найдена | Файл: G:\OpenServer\domains\ishop2.loc\public\index.php | Строка: 14 
====================
[2018-10-30 14:11:12] Текст ошибки:Страница не найдена | Файл: G:\OpenServer\domains\ishop2.loc\public\index.php | Строка: 14 
====================
[2018-10-30 14:11:12] Текст ошибки:Страница не найдена | Файл: G:\OpenServer\domains\ishop2.loc\public\index.php | Строка: 14 
====================
[2018-10-30 14:11:14] Текст ошибки:Страница не найдена | Файл: G:\OpenServer\domains\ishop2.loc\public\index.php | Строка: 14 
====================
[2018-10-30 14:14:35] Текст ошибки:Страница не найдена | Файл: G:\OpenServer\domains\ishop2.loc\public\index.php | Строка: 14 
====================
[2018-10-30 14:14:36] Текст ошибки:Страница не найдена | Файл: G:\OpenServer\domains\ishop2.loc\public\index.php | Строка: 14 
====================
[2018-10-30 14:20:26] Текст ошибки:Страница не найдена | Файл: G:\OpenServer\domains\ishop2.loc\public\index.php | Строка: 14 
====================
[2018-10-30 14:20:26] Текст ошибки:Страница не найдена | Файл: G:\OpenServer\domains\ishop2.loc\public\index.php | Строка: 14 
====================
[2018-10-30 14:20:26] Текст ошибки:Страница не найдена | Файл: G:\OpenServer\domains\ishop2.loc\public\index.php | Строка: 14 
====================
[2018-10-30 14:20:52] Текст ошибки:Страница не найдена | Файл: G:\OpenServer\domains\ishop2.loc\public\index.php | Строка: 14 
====================
[2018-10-30 14:20:53] Текст ошибки:Страница не найдена | Файл: G:\OpenServer\domains\ishop2.loc\public\index.php | Строка: 14 
====================
[2018-10-30 14:22:01] Текст ошибки:Страница не найдена | Файл: G:\OpenServer\domains\ishop2.loc\public\index.php | Строка: 14 
====================
[2018-10-30 14:22:01] Текст ошибки:Страница не найдена | Файл: G:\OpenServer\domains\ishop2.loc\public\index.php | Строка: 14 
====================
[2018-10-30 14:22:02] Текст ошибки:Страница не найдена | Файл: G:\OpenServer\domains\ishop2.loc\public\index.php | Строка: 14 
====================
[2018-10-30 14:24:23] Текст ошибки:Страница не найдена | Файл: G:\OpenServer\domains\ishop2.loc\public\index.php | Строка: 14 
====================
[2018-10-30 14:24:24] Текст ошибки:Страница не найдена | Файл: G:\OpenServer\domains\ishop2.loc\public\index.php | Строка: 14 
====================
[2018-10-30 14:24:25] Текст ошибки:Страница не найдена | Файл: G:\OpenServer\domains\ishop2.loc\public\index.php | Строка: 14 
====================
[2018-10-30 14:24:26] Текст ошибки:Страница не найдена | Файл: G:\OpenServer\domains\ishop2.loc\public\index.php | Строка: 14 
====================
[2018-10-30 14:25:21] Текст ошибки:Страница не найдена | Файл: G:\OpenServer\domains\ishop2.loc\public\index.php | Строка: 14 
====================
[2018-10-30 14:25:21] Текст ошибки:Страница не найдена | Файл: G:\OpenServer\domains\ishop2.loc\public\index.php | Строка: 14 
====================
[2018-10-30 14:29:46] Текст ошибки:Страница не найдена | Файл: G:\OpenServer\domains\ishop2.loc\public\index.php | Строка: 14 
====================
[2018-10-30 14:29:46] Текст ошибки:Страница не найдена | Файл: G:\OpenServer\domains\ishop2.loc\public\index.php | Строка: 14 
====================
[2018-10-30 14:29:46] Текст ошибки:Страница не найдена | Файл: G:\OpenServer\domains\ishop2.loc\public\index.php | Строка: 14 
====================
[2018-10-30 14:29:49] Текст ошибки:Страница не найдена | Файл: G:\OpenServer\domains\ishop2.loc\public\index.php | Строка: 14 
====================
[2018-10-30 14:30:12] Текст ошибки:Страница не найдена | Файл: G:\OpenServer\domains\ishop2.loc\public\index.php | Строка: 14 
====================
[2018-10-30 14:30:16] Текст ошибки:Страница не найдена | Файл: G:\OpenServer\domains\ishop2.loc\public\index.php | Строка: 14 
====================
[2018-10-30 14:30:16] Текст ошибки:Страница не найдена | Файл: G:\OpenServer\domains\ishop2.loc\public\index.php | Строка: 14 
====================
[2018-10-30 14:30:17] Текст ошибки:Страница не найдена | Файл: G:\OpenServer\domains\ishop2.loc\public\index.php | Строка: 14 
====================
[2018-10-30 14:31:34] Текст ошибки:Страница не найдена | Файл: G:\OpenServer\domains\ishop2.loc\public\index.php | Строка: 14 
====================
[2018-10-30 14:31:35] Текст ошибки:Страница не найдена | Файл: G:\OpenServer\domains\ishop2.loc\public\index.php | Строка: 14 
====================
[2018-10-30 14:31:35] Текст ошибки:Страница не найдена | Файл: G:\OpenServer\domains\ishop2.loc\public\index.php | Строка: 14 
====================
[2018-10-30 14:31:39] Текст ошибки:Страница не найдена | Файл: G:\OpenServer\domains\ishop2.loc\public\index.php | Строка: 14 
====================
[2018-10-30 14:33:00] Текст ошибки:Страница не найдена | Файл: G:\OpenServer\domains\ishop2.loc\public\index.php | Строка: 14 
====================
[2018-10-30 14:33:00] Текст ошибки:Страница не найдена | Файл: G:\OpenServer\domains\ishop2.loc\public\index.php | Строка: 14 
====================
[2018-10-30 14:33:00] Текст ошибки:Страница не найдена | Файл: G:\OpenServer\domains\ishop2.loc\public\index.php | Строка: 14 
====================
[2018-10-30 14:33:34] Текст ошибки:Страница не найдена | Файл: G:\OpenServer\domains\ishop2.loc\public\index.php | Строка: 14 
====================
[2018-10-30 14:33:36] Текст ошибки:Страница не найдена | Файл: G:\OpenServer\domains\ishop2.loc\public\index.php | Строка: 14 
====================
[2018-10-30 14:33:36] Текст ошибки:Страница не найдена | Файл: G:\OpenServer\domains\ishop2.loc\public\index.php | Строка: 14 
====================
[2018-10-30 14:33:36] Текст ошибки:Страница не найдена | Файл: G:\OpenServer\domains\ishop2.loc\public\index.php | Строка: 14 
====================
[2018-10-30 14:35:04] Текст ошибки:Страница не найдена | Файл: G:\OpenServer\domains\ishop2.loc\public\index.php | Строка: 14 
====================
[2018-10-30 14:35:05] Текст ошибки:Страница не найдена | Файл: G:\OpenServer\domains\ishop2.loc\public\index.php | Строка: 14 
====================
[2018-10-30 14:36:36] Текст ошибки:Страница не найдена | Файл: G:\OpenServer\domains\ishop2.loc\public\index.php | Строка: 14 
====================
[2018-10-30 14:36:37] Текст ошибки:Страница не найдена | Файл: G:\OpenServer\domains\ishop2.loc\public\index.php | Строка: 14 
====================
[2018-10-30 14:37:46] Текст ошибки:Страница не найдена | Файл: G:\OpenServer\domains\ishop2.loc\public\index.php | Строка: 14 
====================
[2018-10-30 14:37:46] Текст ошибки:Страница не найдена | Файл: G:\OpenServer\domains\ishop2.loc\public\index.php | Строка: 14 
====================
[2018-10-30 14:37:48] Текст ошибки:Страница не найдена | Файл: G:\OpenServer\domains\ishop2.loc\public\index.php | Строка: 14 
====================
[2018-10-30 14:37:48] Текст ошибки:Страница не найдена | Файл: G:\OpenServer\domains\ishop2.loc\public\index.php | Строка: 14 
====================
[2018-10-30 14:38:25] Текст ошибки:Страница не найдена | Файл: G:\OpenServer\domains\ishop2.loc\public\index.php | Строка: 14 
====================
[2018-10-30 14:38:25] Текст ошибки:Страница не найдена | Файл: G:\OpenServer\domains\ishop2.loc\public\index.php | Строка: 14 
====================
[2018-10-30 14:38:26] Текст ошибки:Страница не найдена | Файл: G:\OpenServer\domains\ishop2.loc\public\index.php | Строка: 14 
====================
[2018-10-30 14:38:26] Текст ошибки:Страница не найдена | Файл: G:\OpenServer\domains\ishop2.loc\public\index.php | Строка: 14 
====================
[2018-10-30 14:39:58] Текст ошибки:Страница не найдена | Файл: G:\OpenServer\domains\ishop2.loc\public\index.php | Строка: 14 
====================
[2018-10-30 14:39:58] Текст ошибки:Страница не найдена | Файл: G:\OpenServer\domains\ishop2.loc\public\index.php | Строка: 14 
====================
[2018-10-30 14:40:28] Текст ошибки:Страница не найдена | Файл: G:\OpenServer\domains\ishop2.loc\public\index.php | Строка: 14 
====================
[2018-10-30 14:40:29] Текст ошибки:Страница не найдена | Файл: G:\OpenServer\domains\ishop2.loc\public\index.php | Строка: 14 
====================
[2018-10-30 14:41:29] Текст ошибки:Страница не найдена | Файл: G:\OpenServer\domains\ishop2.loc\public\index.php | Строка: 14 
====================
[2018-10-30 14:41:29] Текст ошибки:Страница не найдена | Файл: G:\OpenServer\domains\ishop2.loc\public\index.php | Строка: 14 
====================
[2018-10-30 14:41:31] Текст ошибки:Страница не найдена | Файл: G:\OpenServer\domains\ishop2.loc\public\index.php | Строка: 14 
====================
[2018-10-30 14:41:31] Текст ошибки:Страница не найдена | Файл: G:\OpenServer\domains\ishop2.loc\public\index.php | Строка: 14 
====================
[2018-10-30 14:41:51] Текст ошибки:Страница не найдена | Файл: G:\OpenServer\domains\ishop2.loc\public\index.php | Строка: 14 
====================
[2018-10-30 14:41:51] Текст ошибки:Страница не найдена | Файл: G:\OpenServer\domains\ishop2.loc\public\index.php | Строка: 14 
====================
[2018-10-30 14:42:24] Текст ошибки:Страница не найдена | Файл: G:\OpenServer\domains\ishop2.loc\public\index.php | Строка: 14 
====================
[2018-10-30 14:42:24] Текст ошибки:Страница не найдена | Файл: G:\OpenServer\domains\ishop2.loc\public\index.php | Строка: 14 
====================
[2018-10-30 14:42:35] Текст ошибки:Страница не найдена | Файл: G:\OpenServer\domains\ishop2.loc\public\index.php | Строка: 14 
====================
[2018-10-30 14:42:35] Текст ошибки:Страница не найдена | Файл: G:\OpenServer\domains\ishop2.loc\public\index.php | Строка: 14 
====================
[2018-10-30 14:42:44] Текст ошибки:Страница не найдена | Файл: G:\OpenServer\domains\ishop2.loc\public\index.php | Строка: 14 
====================
[2018-10-30 14:42:44] Текст ошибки:Страница не найдена | Файл: G:\OpenServer\domains\ishop2.loc\public\index.php | Строка: 14 
====================
[2018-10-30 14:43:52] Текст ошибки:Страница не найдена | Файл: G:\OpenServer\domains\ishop2.loc\public\index.php | Строка: 14 
====================
[2018-10-30 14:43:53] Текст ошибки:Страница не найдена | Файл: G:\OpenServer\domains\ishop2.loc\public\index.php | Строка: 14 
====================
[2018-10-30 14:43:58] Текст ошибки:Страница не найдена | Файл: G:\OpenServer\domains\ishop2.loc\public\index.php | Строка: 14 
====================
[2018-10-30 14:44:47] Текст ошибки:Страница не найдена | Файл: G:\OpenServer\domains\ishop2.loc\public\index.php | Строка: 14 
====================
[2018-10-30 14:44:47] Текст ошибки:Страница не найдена | Файл: G:\OpenServer\domains\ishop2.loc\public\index.php | Строка: 14 
====================
[2018-10-30 14:45:16] Текст ошибки:Страница не найдена | Файл: G:\OpenServer\domains\ishop2.loc\public\index.php | Строка: 14 
====================
[2018-10-30 14:45:16] Текст ошибки:Страница не найдена | Файл: G:\OpenServer\domains\ishop2.loc\public\index.php | Строка: 14 
====================
[2018-10-30 14:45:18] Текст ошибки:Страница не найдена | Файл: G:\OpenServer\domains\ishop2.loc\public\index.php | Строка: 14 
====================
[2018-10-30 14:45:18] Текст ошибки:Страница не найдена | Файл: G:\OpenServer\domains\ishop2.loc\public\index.php | Строка: 14 
====================
[2018-10-30 14:45:54] Текст ошибки:Страница не найдена | Файл: G:\OpenServer\domains\ishop2.loc\public\index.php | Строка: 14 
====================
[2018-10-30 14:45:55] Текст ошибки:Страница не найдена | Файл: G:\OpenServer\domains\ishop2.loc\public\index.php | Строка: 14 
====================
[2018-10-30 14:46:39] Текст ошибки:Страница не найдена | Файл: G:\OpenServer\domains\ishop2.loc\public\index.php | Строка: 14 
====================
[2018-10-30 14:46:40] Текст ошибки:Страница не найдена | Файл: G:\OpenServer\domains\ishop2.loc\public\index.php | Строка: 14 
====================
[2018-10-30 14:47:10] Текст ошибки:Страница не найдена | Файл: G:\OpenServer\domains\ishop2.loc\public\index.php | Строка: 14 
====================
[2018-10-30 14:47:10] Текст ошибки:Страница не найдена | Файл: G:\OpenServer\domains\ishop2.loc\public\index.php | Строка: 14 
====================
[2018-10-30 14:47:58] Текст ошибки:Страница не найдена | Файл: G:\OpenServer\domains\ishop2.loc\public\index.php | Строка: 14 
====================
[2018-10-30 14:47:59] Текст ошибки:Страница не найдена | Файл: G:\OpenServer\domains\ishop2.loc\public\index.php | Строка: 14 
====================
[2018-10-30 14:49:32] Текст ошибки:Страница не найдена | Файл: G:\OpenServer\domains\ishop2.loc\public\index.php | Строка: 14 
====================
[2018-10-30 14:49:33] Текст ошибки:Страница не найдена | Файл: G:\OpenServer\domains\ishop2.loc\public\index.php | Строка: 14 
====================
[2018-10-30 14:50:04] Текст ошибки:Страница не найдена | Файл: G:\OpenServer\domains\ishop2.loc\public\index.php | Строка: 14 
====================
[2018-10-30 14:50:05] Текст ошибки:Страница не найдена | Файл: G:\OpenServer\domains\ishop2.loc\public\index.php | Строка: 14 
====================
[2018-10-30 14:50:21] Текст ошибки:Страница не найдена | Файл: G:\OpenServer\domains\ishop2.loc\public\index.php | Строка: 14 
====================
[2018-10-30 14:50:21] Текст ошибки:Страница не найдена | Файл: G:\OpenServer\domains\ishop2.loc\public\index.php | Строка: 14 
====================
[2018-10-30 14:50:45] Текст ошибки:Страница не найдена | Файл: G:\OpenServer\domains\ishop2.loc\public\index.php | Строка: 14 
====================
[2018-10-30 14:50:46] Текст ошибки:Страница не найдена | Файл: G:\OpenServer\domains\ishop2.loc\public\index.php | Строка: 14 
====================
[2018-10-30 14:56:07] Текст ошибки:Страница не найдена | Файл: G:\OpenServer\domains\ishop2.loc\public\index.php | Строка: 14 
====================
[2018-10-30 14:56:07] Текст ошибки:Страница не найдена | Файл: G:\OpenServer\domains\ishop2.loc\public\index.php | Строка: 14 
====================
[2018-10-30 14:56:16] Текст ошибки:Страница не найдена | Файл: G:\OpenServer\domains\ishop2.loc\public\index.php | Строка: 14 
====================
[2018-10-30 14:56:16] Текст ошибки:Страница не найдена | Файл: G:\OpenServer\domains\ishop2.loc\public\index.php | Строка: 14 
====================
[2018-10-30 15:03:32] Текст ошибки:Страница не найдена | Файл: G:\OpenServer\domains\ishop2.loc\public\index.php | Строка: 14 
====================
[2018-10-30 15:03:32] Текст ошибки:Страница не найдена | Файл: G:\OpenServer\domains\ishop2.loc\public\index.php | Строка: 14 
====================
[2018-10-30 15:07:15] Текст ошибки:Ошибка сервера | Файл: G:\OpenServer\domains\ishop2.loc\public\index.php | Строка: 14 
====================
[2018-10-30 15:07:15] Текст ошибки:Ошибка сервера | Файл: G:\OpenServer\domains\ishop2.loc\public\index.php | Строка: 14 
====================
[2018-10-30 15:07:25] Текст ошибки:Ошибка сервера | Файл: G:\OpenServer\domains\ishop2.loc\public\index.php | Строка: 14 
====================
[2018-10-30 15:07:25] Текст ошибки:Ошибка сервера | Файл: G:\OpenServer\domains\ishop2.loc\public\index.php | Строка: 14 
====================
[2018-10-30 15:08:25] Текст ошибки:Ошибка сервера | Файл: G:\OpenServer\domains\ishop2.loc\public\index.php | Строка: 14 
====================
[2018-10-30 15:08:25] Текст ошибки:Ошибка сервера | Файл: G:\OpenServer\domains\ishop2.loc\public\index.php | Строка: 14 
====================
[2018-10-30 15:09:19] Текст ошибки:Ошибка сервера | Файл: G:\OpenServer\domains\ishop2.loc\public\index.php | Строка: 14 
====================
[2018-10-30 15:09:19] Текст ошибки:Ошибка сервера | Файл: G:\OpenServer\domains\ishop2.loc\public\index.php | Строка: 14 
====================
[2018-10-30 15:09:33] Текст ошибки:Ошибка сервера | Файл: G:\OpenServer\domains\ishop2.loc\public\index.php | Строка: 14 
====================
[2018-10-30 15:09:33] Текст ошибки:Ошибка сервера | Файл: G:\OpenServer\domains\ishop2.loc\public\index.php | Строка: 14 
====================
[2018-10-30 15:10:27] Текст ошибки:Произошла ошибка | Файл: G:\OpenServer\domains\ishop2.loc\public\index.php | Строка: 14 
====================
[2018-10-30 15:10:27] Текст ошибки:Произошла ошибка | Файл: G:\OpenServer\domains\ishop2.loc\public\index.php | Строка: 14 
====================
[2018-10-30 15:11:59] Текст ошибки:Произошла ошибка | Файл: G:\OpenServer\domains\ishop2.loc\public\index.php | Строка: 14 
====================
[2018-10-30 15:11:59] Текст ошибки:Произошла ошибка | Файл: G:\OpenServer\domains\ishop2.loc\public\index.php | Строка: 14 
====================
[2018-10-30 15:12:18] Текст ошибки:Произошла ошибка | Файл: G:\OpenServer\domains\ishop2.loc\public\index.php | Строка: 14 
====================
[2018-10-30 15:12:18] Текст ошибки:Произошла ошибка | Файл: G:\OpenServer\domains\ishop2.loc\public\index.php | Строка: 14 
====================
[2018-10-30 15:12:35] Текст ошибки:Произошла ошибка | Файл: G:\OpenServer\domains\ishop2.loc\public\index.php | Строка: 14 
====================
[2018-10-30 15:12:35] Текст ошибки:Произошла ошибка | Файл: G:\OpenServer\domains\ishop2.loc\public\index.php | Строка: 14 
====================
[2018-10-30 16:50:32] Текст ошибки:Страница не найдена | Файл: G:\OpenServer\domains\ishop2.loc\vendor\ishop\core\Router.php | Строка: 37 
====================
[2018-10-30 16:50:41] Текст ошибки:Страница не найдена | Файл: G:\OpenServer\domains\ishop2.loc\vendor\ishop\core\Router.php | Строка: 37 
====================
[2018-10-30 16:50:48] Текст ошибки:Страница не найдена | Файл: G:\OpenServer\domains\ishop2.loc\vendor\ishop\core\Router.php | Строка: 37 
====================
[2018-10-30 16:50:59] Текст ошибки:Страница не найдена | Файл: G:\OpenServer\domains\ishop2.loc\vendor\ishop\core\Router.php | Строка: 37 
====================
[2018-10-30 16:50:59] Текст ошибки:Страница не найдена | Файл: G:\OpenServer\domains\ishop2.loc\vendor\ishop\core\Router.php | Строка: 37 
====================
[2018-10-30 16:53:03] Текст ошибки:Страница не найдена | Файл: G:\OpenServer\domains\ishop2.loc\vendor\ishop\core\Router.php | Строка: 37 
====================
[2018-10-30 16:53:04] Текст ошибки:Страница не найдена | Файл: G:\OpenServer\domains\ishop2.loc\vendor\ishop\core\Router.php | Строка: 37 
====================
[2018-10-30 16:53:22] Текст ошибки:Страница не найдена | Файл: G:\OpenServer\domains\ishop2.loc\vendor\ishop\core\Router.php | Строка: 37 
====================
[2018-10-30 17:00:37] Текст ошибки:Страница не найдена | Файл: G:\OpenServer\domains\ishop2.loc\vendor\ishop\core\Router.php | Строка: 38 
====================
[2018-10-30 17:00:41] Текст ошибки:Страница не найдена | Файл: G:\OpenServer\domains\ishop2.loc\vendor\ishop\core\Router.php | Строка: 38 
====================
[2018-10-30 17:01:06] Текст ошибки:Страница не найдена | Файл: G:\OpenServer\domains\ishop2.loc\vendor\ishop\core\Router.php | Строка: 37 
====================
[2018-10-30 17:01:41] Текст ошибки:Страница не найдена | Файл: G:\OpenServer\domains\ishop2.loc\vendor\ishop\core\Router.php | Строка: 37 
====================
[2018-10-30 17:02:35] Текст ошибки:Страница не найдена | Файл: G:\OpenServer\domains\ishop2.loc\vendor\ishop\core\Router.php | Строка: 37 
====================
[2018-10-30 17:10:35] Текст ошибки:Страница не найдена | Файл: G:\OpenServer\domains\ishop2.loc\vendor\ishop\core\Router.php | Строка: 40 
====================
[2018-10-30 17:13:50] Текст ошибки:Страница не найдена | Файл: G:\OpenServer\domains\ishop2.loc\vendor\ishop\core\Router.php | Строка: 40 
====================
[2018-10-30 17:13:52] Текст ошибки:Страница не найдена | Файл: G:\OpenServer\domains\ishop2.loc\vendor\ishop\core\Router.php | Строка: 40 
====================
[2018-10-30 17:13:59] Текст ошибки:Страница не найдена | Файл: G:\OpenServer\domains\ishop2.loc\vendor\ishop\core\Router.php | Строка: 40 
====================
[2018-10-30 17:14:16] Текст ошибки:Страница не найдена | Файл: G:\OpenServer\domains\ishop2.loc\vendor\ishop\core\Router.php | Строка: 40 
====================
[2018-10-30 17:15:38] Текст ошибки:Страница не найдена | Файл: G:\OpenServer\domains\ishop2.loc\vendor\ishop\core\Router.php | Строка: 40 
====================
[2018-10-30 17:16:07] Текст ошибки:Страница не найдена | Файл: G:\OpenServer\domains\ishop2.loc\vendor\ishop\core\Router.php | Строка: 40 
====================
[2018-10-30 17:17:54] Текст ошибки:Страница не найдена | Файл: G:\OpenServer\domains\ishop2.loc\vendor\ishop\core\Router.php | Строка: 40 
====================
[2018-10-30 17:18:49] Текст ошибки:Страница не найдена | Файл: G:\OpenServer\domains\ishop2.loc\vendor\ishop\core\Router.php | Строка: 40 
====================
[2018-10-30 17:19:07] Текст ошибки:Страница не найдена | Файл: G:\OpenServer\domains\ishop2.loc\vendor\ishop\core\Router.php | Строка: 40 
====================
[2018-10-30 17:19:39] Текст ошибки:Страница не найдена | Файл: G:\OpenServer\domains\ishop2.loc\vendor\ishop\core\Router.php | Строка: 40 
====================
[2018-10-30 17:23:58] Текст ошибки:Контроллер app\controllers\PageNewController не найден | Файл: G:\OpenServer\domains\ishop2.loc\vendor\ishop\core\Router.php | Строка: 42 
====================
[2018-10-30 17:23:58] Текст ошибки:Страница не найдена | Файл: G:\OpenServer\domains\ishop2.loc\vendor\ishop\core\Router.php | Строка: 47 
====================
[2018-10-30 17:34:35] Текст ошибки:Контроллер app\controllers\PageNewController не найден | Файл: G:\OpenServer\domains\ishop2.loc\vendor\ishop\core\Router.php | Строка: 43 
====================
[2018-10-30 17:34:35] Текст ошибки:Страница не найдена | Файл: G:\OpenServer\domains\ishop2.loc\vendor\ishop\core\Router.php | Строка: 48 
====================
[2018-10-30 17:35:15] Текст ошибки:Class 'app\controllers\PageNewController' not found | Файл: G:\OpenServer\domains\ishop2.loc\vendor\ishop\core\Router.php | Строка: 39 
====================
[2018-10-30 17:35:15] Текст ошибки:Страница не найдена | Файл: G:\OpenServer\domains\ishop2.loc\vendor\ishop\core\Router.php | Строка: 48 
====================
[2018-10-30 17:35:39] Текст ошибки:Class 'app\controllers\PageNewController' not found | Файл: G:\OpenServer\domains\ishop2.loc\vendor\ishop\core\Router.php | Строка: 39 
====================
[2018-10-30 17:35:39] Текст ошибки:Страница не найдена | Файл: G:\OpenServer\domains\ishop2.loc\vendor\ishop\core\Router.php | Строка: 48 
====================
[2018-10-30 17:36:50] Текст ошибки:Страница не найдена | Файл: G:\OpenServer\domains\ishop2.loc\vendor\ishop\core\Router.php | Строка: 48 
====================
[2018-10-30 17:37:13] Текст ошибки:Страница не найдена | Файл: G:\OpenServer\domains\ishop2.loc\vendor\ishop\core\Router.php | Строка: 48 
====================
[2018-10-30 17:44:49] Текст ошибки:Контроллер app\controllers\PageController не найден | Файл: G:\OpenServer\domains\ishop2.loc\vendor\ishop\core\Router.php | Строка: 50 
====================
[2018-10-30 17:44:49] Текст ошибки:Страница не найдена | Файл: G:\OpenServer\domains\ishop2.loc\vendor\ishop\core\Router.php | Строка: 55 
====================
[2018-10-30 17:44:59] Текст ошибки:Метод indexAction не найден в контроллере app\controllers\MainController | Файл: G:\OpenServer\domains\ishop2.loc\vendor\ishop\core\Router.php | Строка: 46 
====================
[2018-10-30 17:45:00] Текст ошибки:Страница не найдена | Файл: G:\OpenServer\domains\ishop2.loc\vendor\ishop\core\Router.php | Строка: 55 
====================
[2018-10-30 17:46:26] Текст ошибки:Страница не найдена | Файл: G:\OpenServer\domains\ishop2.loc\vendor\ishop\core\Router.php | Строка: 55 
====================
[2018-10-30 17:46:30] Текст ошибки:Контроллер app\controllers\PageController не найден | Файл: G:\OpenServer\domains\ishop2.loc\vendor\ishop\core\Router.php | Строка: 50 
====================
[2018-10-30 17:46:30] Текст ошибки:Страница не найдена | Файл: G:\OpenServer\domains\ishop2.loc\vendor\ishop\core\Router.php | Строка: 55 
====================
[2018-10-30 17:46:32] Текст ошибки:Страница не найдена | Файл: G:\OpenServer\domains\ishop2.loc\vendor\ishop\core\Router.php | Строка: 55 
====================
[2018-10-30 17:46:34] Текст ошибки:Контроллер app\controllers\PageController не найден | Файл: G:\OpenServer\domains\ishop2.loc\vendor\ishop\core\Router.php | Строка: 50 
====================
[2018-10-30 17:46:34] Текст ошибки:Страница не найдена | Файл: G:\OpenServer\domains\ishop2.loc\vendor\ishop\core\Router.php | Строка: 55 
====================
[2018-10-30 17:46:37] Текст ошибки:Контроллер app\controllers\PageController не найден | Файл: G:\OpenServer\domains\ishop2.loc\vendor\ishop\core\Router.php | Строка: 50 
====================
[2018-10-30 17:46:37] Текст ошибки:Страница не найдена | Файл: G:\OpenServer\domains\ishop2.loc\vendor\ishop\core\Router.php | Строка: 55 
====================
[2018-10-30 17:47:42] Текст ошибки:Контроллер app\controllers\PageController не найден | Файл: G:\OpenServer\domains\ishop2.loc\vendor\ishop\core\Router.php | Строка: 50 
====================
[2018-10-30 17:47:42] Текст ошибки:Страница не найдена | Файл: G:\OpenServer\domains\ishop2.loc\vendor\ishop\core\Router.php | Строка: 55 
====================
[2018-10-30 17:49:29] Текст ошибки:Страница не найдена | Файл: G:\OpenServer\domains\ishop2.loc\vendor\ishop\core\Router.php | Строка: 55 
====================
[2018-10-30 17:49:52] Текст ошибки:Страница не найдена | Файл: G:\OpenServer\domains\ishop2.loc\vendor\ishop\core\Router.php | Строка: 55 
====================
[2018-11-01 14:06:19] Текст ошибки:Страница не найдена | Файл: G:\OpenServer\domains\ishop2.loc\vendor\ishop\core\Router.php | Строка: 55 
====================
[2018-11-01 14:27:18] Текст ошибки:Страница не найдена | Файл: G:\OpenServer\domains\ishop2.loc\vendor\ishop\core\Router.php | Строка: 55 
====================
[2018-11-01 14:27:52] Текст ошибки:Контроллер app\controllers\ArticlesController не найден | Файл: G:\OpenServer\domains\ishop2.loc\vendor\ishop\core\Router.php | Строка: 50 
====================
[2018-11-01 14:27:52] Текст ошибки:Страница не найдена | Файл: G:\OpenServer\domains\ishop2.loc\vendor\ishop\core\Router.php | Строка: 55 
====================
[2018-11-01 14:28:05] Текст ошибки:Страница не найдена | Файл: G:\OpenServer\domains\ishop2.loc\vendor\ishop\core\Router.php | Строка: 55 
====================
[2018-11-01 14:28:05] Текст ошибки:Страница не найдена | Файл: G:\OpenServer\domains\ishop2.loc\vendor\ishop\core\Router.php | Строка: 55 
====================
[2018-11-01 14:28:19] Текст ошибки:Метод indexAction не найден в контроллере app\controllers\PageController | Файл: G:\OpenServer\domains\ishop2.loc\vendor\ishop\core\Router.php | Строка: 46 
====================
[2018-11-01 14:28:19] Текст ошибки:Страница не найдена | Файл: G:\OpenServer\domains\ishop2.loc\vendor\ishop\core\Router.php | Строка: 55 
====================
[2018-11-01 14:29:20] Текст ошибки:Метод indexAction не найден в контроллере app\controllers\PageController | Файл: G:\OpenServer\domains\ishop2.loc\vendor\ishop\core\Router.php | Строка: 46 
====================
[2018-11-01 14:29:20] Текст ошибки:Страница не найдена | Файл: G:\OpenServer\domains\ishop2.loc\vendor\ishop\core\Router.php | Строка: 55 
====================
[2018-11-01 14:29:25] Текст ошибки:Страница не найдена | Файл: G:\OpenServer\domains\ishop2.loc\vendor\ishop\core\Router.php | Строка: 55 
====================
[2018-11-01 17:05:33] Текст ошибки:Страница не найдена | Файл: G:\OpenServer\domains\ishop2.loc\vendor\ishop\core\Router.php | Строка: 56 
====================
[2018-11-01 17:06:37] Текст ошибки:Страница не найдена | Файл: G:\OpenServer\domains\ishop2.loc\vendor\ishop\core\Router.php | Строка: 56 
====================
[2018-11-01 17:07:47] Текст ошибки:Страница не найдена | Файл: G:\OpenServer\domains\ishop2.loc\vendor\ishop\core\Router.php | Строка: 56 
====================
[2018-11-01 17:09:30] Текст ошибки:Страница не найдена | Файл: G:\OpenServer\domains\ishop2.loc\vendor\ishop\core\Router.php | Строка: 56 
====================
[2018-11-01 17:10:49] Текст ошибки:Страница не найдена | Файл: G:\OpenServer\domains\ishop2.loc\vendor\ishop\core\Router.php | Строка: 56 
====================
[2018-11-01 17:10:50] Текст ошибки:Страница не найдена | Файл: G:\OpenServer\domains\ishop2.loc\vendor\ishop\core\Router.php | Строка: 56 
====================
[2018-11-01 17:14:17] Текст ошибки:Страница не найдена | Файл: G:\OpenServer\domains\ishop2.loc\vendor\ishop\core\Router.php | Строка: 56 
====================
[2018-11-01 17:14:47] Текст ошибки:Страница не найдена | Файл: G:\OpenServer\domains\ishop2.loc\vendor\ishop\core\Router.php | Строка: 56 
====================
[2018-11-01 17:15:00] Текст ошибки:Страница не найдена | Файл: G:\OpenServer\domains\ishop2.loc\vendor\ishop\core\Router.php | Строка: 56 
====================
[2018-11-01 17:15:13] Текст ошибки:Страница не найдена | Файл: G:\OpenServer\domains\ishop2.loc\vendor\ishop\core\Router.php | Строка: 56 
====================
[2018-11-01 17:16:35] Текст ошибки:Файл  G:\OpenServer\domains\ishop2.loc/app/views/Main/index.pьp не найден | Файл: G:\OpenServer\domains\ishop2.loc\vendor\ishop\core\base\View.php | Строка: 53 
====================
[2018-11-01 17:16:35] Текст ошибки:Страница не найдена | Файл: G:\OpenServer\domains\ishop2.loc\vendor\ishop\core\Router.php | Строка: 56 
====================
[2018-11-01 17:17:15] Текст ошибки:Страница не найдена | Файл: G:\OpenServer\domains\ishop2.loc\vendor\ishop\core\Router.php | Строка: 56 
====================
[2018-11-01 17:19:02] Текст ошибки:Не найден вид {$pahtViewFile} | Файл: G:\OpenServer\domains\ishop2.loc\vendor\ishop\core\base\View.php | Строка: 53 
====================
[2018-11-01 17:19:02] Текст ошибки:Страница не найдена | Файл: G:\OpenServer\domains\ishop2.loc\vendor\ishop\core\Router.php | Строка: 56 
====================
[2018-11-01 17:19:32] Текст ошибки:Не найден вид G:\OpenServer\domains\ishop2.loc/app/views/Main/index.p1p | Файл: G:\OpenServer\domains\ishop2.loc\vendor\ishop\core\base\View.php | Строка: 53 
====================
[2018-11-01 17:19:32] Текст ошибки:Страница не найдена | Файл: G:\OpenServer\domains\ishop2.loc\vendor\ishop\core\Router.php | Строка: 56 
====================
[2018-11-01 17:20:00] Текст ошибки:Страница не найдена | Файл: G:\OpenServer\domains\ishop2.loc\vendor\ishop\core\Router.php | Строка: 56 
====================
[2018-11-01 17:22:42] Текст ошибки:Страница не найдена | Файл: G:\OpenServer\domains\ishop2.loc\vendor\ishop\core\Router.php | Строка: 56 
====================
[2018-11-01 17:35:16] Текст ошибки:syntax error, unexpected 'require_once' (T_REQUIRE_ONCE) | Файл: G:\OpenServer\domains\ishop2.loc\vendor\ishop\core\base\View.php | Строка: 52 
====================
[2018-11-01 17:35:17] Текст ошибки:Страница не найдена | Файл: G:\OpenServer\domains\ishop2.loc\vendor\ishop\core\Router.php | Строка: 56 
====================
[2018-11-01 17:35:39] Текст ошибки:Страница не найдена | Файл: G:\OpenServer\domains\ishop2.loc\vendor\ishop\core\Router.php | Строка: 56 
====================
[2018-11-01 17:35:43] Текст ошибки:Страница не найдена | Файл: G:\OpenServer\domains\ishop2.loc\vendor\ishop\core\Router.php | Строка: 56 
====================
[2018-11-01 17:36:05] Текст ошибки:Страница не найдена | Файл: G:\OpenServer\domains\ishop2.loc\vendor\ishop\core\Router.php | Строка: 56 
====================
[2018-11-02 08:50:45] Текст ошибки:Страница не найдена | Файл: G:\OpenServer\domains\ishop2.loc\vendor\ishop\core\Router.php | Строка: 56 
====================
[2018-11-02 08:51:08] Текст ошибки:Страница не найдена | Файл: G:\OpenServer\domains\ishop2.loc\vendor\ishop\core\Router.php | Строка: 56 
====================
[2018-11-02 09:46:33] Текст ошибки:Страница не найдена | Файл: G:\OpenServer\domains\ishop2.loc\vendor\ishop\core\Router.php | Строка: 56 
====================
[2018-11-02 09:51:08] Текст ошибки:Страница не найдена | Файл: G:\OpenServer\domains\ishop2.loc\vendor\ishop\core\Router.php | Строка: 56 
====================
[2018-11-02 09:53:57] Текст ошибки:Страница не найдена | Файл: G:\OpenServer\domains\ishop2.loc\vendor\ishop\core\Router.php | Строка: 56 
====================
[2018-11-02 10:37:47] Текст ошибки:Страница не найдена | Файл: G:\OpenServer\domains\ishop2.loc\vendor\ishop\core\Router.php | Строка: 56 
====================
[2018-11-02 10:39:36] Текст ошибки:Страница не найдена | Файл: G:\OpenServer\domains\ishop2.loc\vendor\ishop\core\Router.php | Строка: 56 
====================
[2018-11-02 10:40:25] Текст ошибки:syntax error, unexpected 'echo' (T_ECHO) | Файл: G:\OpenServer\domains\ishop2.loc\app\views\layouts\default.php | Строка: 8 
====================
[2018-11-02 10:40:25] Текст ошибки:Страница не найдена | Файл: G:\OpenServer\domains\ishop2.loc\vendor\ishop\core\Router.php | Строка: 56 
====================
[2018-11-02 10:41:03] Текст ошибки:Страница не найдена | Файл: G:\OpenServer\domains\ishop2.loc\vendor\ishop\core\Router.php | Строка: 56 
====================
[2018-11-02 10:45:35] Текст ошибки:Страница не найдена | Файл: G:\OpenServer\domains\ishop2.loc\vendor\ishop\core\Router.php | Строка: 56 
====================
[2018-11-02 10:46:04] Текст ошибки:Страница не найдена | Файл: G:\OpenServer\domains\ishop2.loc\vendor\ishop\core\Router.php | Строка: 56 
====================
[2018-11-02 10:50:09] Текст ошибки:Страница не найдена | Файл: G:\OpenServer\domains\ishop2.loc\vendor\ishop\core\Router.php | Строка: 56 
====================
[2018-11-02 10:50:49] Текст ошибки:Страница не найдена | Файл: G:\OpenServer\domains\ishop2.loc\vendor\ishop\core\Router.php | Строка: 56 
====================
[2018-11-02 10:52:17] Текст ошибки:Страница не найдена | Файл: G:\OpenServer\domains\ishop2.loc\vendor\ishop\core\Router.php | Строка: 56 
====================
[2018-11-02 10:53:29] Текст ошибки:Страница не найдена | Файл: G:\OpenServer\domains\ishop2.loc\vendor\ishop\core\Router.php | Строка: 56 
====================
[2018-11-02 10:56:21] Текст ошибки:Страница не найдена | Файл: G:\OpenServer\domains\ishop2.loc\vendor\ishop\core\Router.php | Строка: 56 
====================
[2018-11-02 11:01:48] Текст ошибки:Страница не найдена | Файл: G:\OpenServer\domains\ishop2.loc\vendor\ishop\core\Router.php | Строка: 56 
====================
[2018-11-02 11:09:58] Текст ошибки:Страница не найдена | Файл: G:\OpenServer\domains\ishop2.loc\vendor\ishop\core\Router.php | Строка: 56 
====================
[2018-11-02 11:11:41] Текст ошибки:Страница не найдена | Файл: G:\OpenServer\domains\ishop2.loc\vendor\ishop\core\Router.php | Строка: 56 
====================
[2018-11-02 11:24:20] Текст ошибки:Class 'app\controllers\App' not found | Файл: G:\OpenServer\domains\ishop2.loc\app\controllers\MainController.php | Строка: 17 
====================
[2018-11-02 11:24:20] Текст ошибки:Страница не найдена | Файл: G:\OpenServer\domains\ishop2.loc\vendor\ishop\core\Router.php | Строка: 56 
====================
[2018-11-02 11:25:24] Текст ошибки:Страница не найдена | Файл: G:\OpenServer\domains\ishop2.loc\vendor\ishop\core\Router.php | Строка: 56 
====================
[2018-11-02 11:32:25] Текст ошибки:Страница не найдена | Файл: G:\OpenServer\domains\ishop2.loc\vendor\ishop\core\Router.php | Строка: 56 
====================
[2018-11-02 11:36:08] Текст ошибки:Страница не найдена | Файл: G:\OpenServer\domains\ishop2.loc\vendor\ishop\core\Router.php | Строка: 56 
====================
[2018-11-02 11:37:05] Текст ошибки:Страница не найдена | Файл: G:\OpenServer\domains\ishop2.loc\vendor\ishop\core\Router.php | Строка: 56 
====================
[2018-11-02 11:44:56] Текст ошибки:Страница не найдена | Файл: G:\OpenServer\domains\ishop2.loc\vendor\ishop\core\Router.php | Строка: 56 
====================
[2018-11-02 11:49:26] Текст ошибки:Страница не найдена | Файл: G:\OpenServer\domains\ishop2.loc\vendor\ishop\core\Router.php | Строка: 56 
====================
[2018-11-02 11:54:10] Текст ошибки:syntax error, unexpected ';', expecting ',' or ')' | Файл: G:\OpenServer\domains\ishop2.loc\app\views\Main\index.php | Строка: 4 
====================
[2018-11-02 11:54:11] Текст ошибки:Страница не найдена | Файл: G:\OpenServer\domains\ishop2.loc\vendor\ishop\core\Router.php | Строка: 56 
====================
[2018-11-02 11:54:38] Текст ошибки:Страница не найдена | Файл: G:\OpenServer\domains\ishop2.loc\vendor\ishop\core\Router.php | Строка: 56 
====================
[2018-11-02 12:09:30] Текст ошибки:Страница не найдена | Файл: G:\OpenServer\domains\ishop2.loc\vendor\ishop\core\Router.php | Строка: 56 
====================
[2018-11-02 12:09:30] Текст ошибки:Страница не найдена | Файл: G:\OpenServer\domains\ishop2.loc\vendor\ishop\core\Router.php | Строка: 56 
====================
[2018-11-02 12:16:36] Текст ошибки:Страница не найдена | Файл: G:\OpenServer\domains\ishop2.loc\vendor\ishop\core\Router.php | Строка: 56 
====================
[2018-11-02 12:16:36] Текст ошибки:Страница не найдена | Файл: G:\OpenServer\domains\ishop2.loc\vendor\ishop\core\Router.php | Строка: 56 
====================
[2018-11-02 12:48:31] Текст ошибки:Call to undefined method app\controllers\PageController::getView() | Файл: G:\OpenServer\domains\ishop2.loc\vendor\ishop\core\Router.php | Строка: 45 
====================
[2018-11-02 12:48:31] Текст ошибки:Страница не найдена | Файл: G:\OpenServer\domains\ishop2.loc\vendor\ishop\core\Router.php | Строка: 57 
====================
[2018-11-02 12:51:48] Текст ошибки:Call to undefined method app\controllers\PageController::getView() | Файл: G:\OpenServer\domains\ishop2.loc\vendor\ishop\core\Router.php | Строка: 46 
====================
[2018-11-02 12:51:48] Текст ошибки:Страница не найдена | Файл: G:\OpenServer\domains\ishop2.loc\vendor\ishop\core\Router.php | Строка: 58 
====================
[2018-11-02 12:52:04] Текст ошибки:Страница не найдена | Файл: G:\OpenServer\domains\ishop2.loc\vendor\ishop\core\Router.php | Строка: 58 
====================
[2018-11-02 12:54:03] Текст ошибки:Не найден вид  | Файл: G:\OpenServer\domains\ishop2.loc\vendor\ishop\core\base\View.php | Строка: 65 
====================
[2018-11-02 12:54:03] Текст ошибки:Страница не найдена | Файл: G:\OpenServer\domains\ishop2.loc\vendor\ishop\core\Router.php | Строка: 58 
====================
[2018-11-02 12:56:15] Текст ошибки:Не найден вид  | Файл: G:\OpenServer\domains\ishop2.loc\vendor\ishop\core\base\View.php | Строка: 65 
====================
[2018-11-02 12:56:15] Текст ошибки:Страница не найдена | Файл: G:\OpenServer\domains\ishop2.loc\vendor\ishop\core\Router.php | Строка: 57 
====================
[2018-11-02 12:56:17] Текст ошибки:Не найден вид  | Файл: G:\OpenServer\domains\ishop2.loc\vendor\ishop\core\base\View.php | Строка: 65 
====================
[2018-11-02 12:56:17] Текст ошибки:Страница не найдена | Файл: G:\OpenServer\domains\ishop2.loc\vendor\ishop\core\Router.php | Строка: 57 
====================
[2018-11-02 12:59:06] Текст ошибки:Не найден вид G:\OpenServer\domains\ishop2.loc/app/views/Page/view.php | Файл: G:\OpenServer\domains\ishop2.loc\vendor\ishop\core\base\View.php | Строка: 65 
====================
[2018-11-02 12:59:06] Текст ошибки:Страница не найдена | Файл: G:\OpenServer\domains\ishop2.loc\vendor\ishop\core\Router.php | Строка: 57 
====================
[2018-11-02 12:59:54] Текст ошибки:Не найден вид G:\OpenServer\domains\ishop2.loc/app/views/Page/view.php | Файл: G:\OpenServer\domains\ishop2.loc\vendor\ishop\core\base\View.php | Строка: 65 
====================
[2018-11-02 12:59:54] Текст ошибки:Страница не найдена | Файл: G:\OpenServer\domains\ishop2.loc\vendor\ishop\core\Router.php | Строка: 57 
====================
[2018-11-02 12:59:56] Текст ошибки:Не найден вид G:\OpenServer\domains\ishop2.loc/app/views/Page/view.php | Файл: G:\OpenServer\domains\ishop2.loc\vendor\ishop\core\base\View.php | Строка: 65 
====================
[2018-11-02 12:59:56] Текст ошибки:Страница не найдена | Файл: G:\OpenServer\domains\ishop2.loc\vendor\ishop\core\Router.php | Строка: 57 
====================
[2018-11-02 13:00:44] Текст ошибки:Страница не найдена | Файл: G:\OpenServer\domains\ishop2.loc\vendor\ishop\core\Router.php | Строка: 57 
====================
[2018-11-02 13:03:41] Текст ошибки:Cannot instantiate abstract class ishop\base\View | Файл: G:\OpenServer\domains\ishop2.loc\vendor\ishop\core\base\Controller.php | Строка: 31 
====================
[2018-11-02 13:03:41] Текст ошибки:Страница не найдена | Файл: G:\OpenServer\domains\ishop2.loc\vendor\ishop\core\Router.php | Строка: 57 
====================
[2018-11-02 13:04:05] Текст ошибки:Страница не найдена | Файл: G:\OpenServer\domains\ishop2.loc\vendor\ishop\core\Router.php | Строка: 57 
====================
[2018-11-05 09:03:08] Текст ошибки:Страница не найдена | Файл: G:\OpenServer\domains\ishop2.loc\vendor\ishop\core\Router.php | Строка: 57 
====================
[2018-11-05 17:33:21] Текст ошибки:Страница не найдена | Файл: G:\OpenServer\domains\ishop2.loc\vendor\ishop\core\Router.php | Строка: 57 
====================
[2018-11-05 17:34:34] Текст ошибки:Class 'R' not found | Файл: G:\OpenServer\domains\ishop2.loc\vendor\ishop\core\Db.php | Строка: 20 
====================
[2018-11-05 17:34:35] Текст ошибки:Страница не найдена | Файл: G:\OpenServer\domains\ishop2.loc\vendor\ishop\core\Router.php | Строка: 57 
====================
[2018-11-05 17:38:26] Текст ошибки:Class 'R' not found | Файл: G:\OpenServer\domains\ishop2.loc\vendor\ishop\core\Db.php | Строка: 20 
====================
[2018-11-05 17:38:26] Текст ошибки:Страница не найдена | Файл: G:\OpenServer\domains\ishop2.loc\vendor\ishop\core\Router.php | Строка: 57 
====================
[2018-11-05 17:46:06] Текст ошибки:Class 'ishop\base\Db' not found | Файл: G:\OpenServer\domains\ishop2.loc\vendor\ishop\core\base\Model.php | Строка: 20 
====================
[2018-11-05 17:46:06] Текст ошибки:Страница не найдена | Файл: G:\OpenServer\domains\ishop2.loc\vendor\ishop\core\Router.php | Строка: 57 
====================
[2018-11-05 17:48:33] Текст ошибки:Страница не найдена | Файл: G:\OpenServer\domains\ishop2.loc\vendor\ishop\core\Router.php | Строка: 57 
====================
[2018-11-05 17:49:43] Текст ошибки:Class 'ishop\base\Db' not found | Файл: G:\OpenServer\domains\ishop2.loc\vendor\ishop\core\base\Model.php | Строка: 22 
====================
[2018-11-05 17:49:43] Текст ошибки:Страница не найдена | Файл: G:\OpenServer\domains\ishop2.loc\vendor\ishop\core\Router.php | Строка: 57 
====================
[2018-11-05 17:50:36] Текст ошибки:syntax error, unexpected ''/Db.php;' (T_ENCAPSED_AND_WHITESPACE) | Файл: G:\OpenServer\domains\ishop2.loc\vendor\ishop\core\base\Model.php | Строка: 11 
====================
[2018-11-05 17:50:36] Текст ошибки:Страница не найдена | Файл: G:\OpenServer\domains\ishop2.loc\vendor\ishop\core\Router.php | Строка: 57 
====================
[2018-11-05 17:52:18] Текст ошибки:Class 'ishop\base\Db' not found | Файл: G:\OpenServer\domains\ishop2.loc\vendor\ishop\core\base\Model.php | Строка: 20 
====================
[2018-11-05 17:52:18] Текст ошибки:Страница не найдена | Файл: G:\OpenServer\domains\ishop2.loc\vendor\ishop\core\Router.php | Строка: 57 
====================
[2018-11-05 17:55:59] Текст ошибки:Class 'R' not found | Файл: G:\OpenServer\domains\ishop2.loc\vendor\ishop\core\Db.php | Строка: 20 
====================
[2018-11-05 17:55:59] Текст ошибки:Страница не найдена | Файл: G:\OpenServer\domains\ishop2.loc\vendor\ishop\core\Router.php | Строка: 57 
====================
[2018-11-05 18:02:57] Текст ошибки:Class 'R' not found | Файл: G:\OpenServer\domains\ishop2.loc\vendor\ishop\core\Db.php | Строка: 20 
====================
[2018-11-05 18:02:57] Текст ошибки:Страница не найдена | Файл: G:\OpenServer\domains\ishop2.loc\vendor\ishop\core\Router.php | Строка: 57 
====================
[2018-11-05 18:02:58] Текст ошибки:Class 'R' not found | Файл: G:\OpenServer\domains\ishop2.loc\vendor\ishop\core\Db.php | Строка: 20 
====================
[2018-11-05 18:02:58] Текст ошибки:Страница не найдена | Файл: G:\OpenServer\domains\ishop2.loc\vendor\ishop\core\Router.php | Строка: 57 
====================
[2018-11-06 08:54:10] Текст ошибки:Class 'R' not found | Файл: G:\OpenServer\domains\ishop2.loc\vendor\ishop\core\Db.php | Строка: 20 
====================
[2018-11-06 08:54:10] Текст ошибки:Страница не найдена | Файл: G:\OpenServer\domains\ishop2.loc\vendor\ishop\core\Router.php | Строка: 57 
====================
[2018-11-06 09:02:18] Текст ошибки:Class 'R' not found | Файл: G:\OpenServer\domains\ishop2.loc\vendor\ishop\core\Db.php | Строка: 22 
====================
[2018-11-06 09:02:18] Текст ошибки:Страница не найдена | Файл: G:\OpenServer\domains\ishop2.loc\vendor\ishop\core\Router.php | Строка: 57 
====================
[2018-11-06 09:04:00] Текст ошибки:Class 'R' not found | Файл: G:\OpenServer\domains\ishop2.loc\vendor\ishop\core\Db.php | Строка: 23 
====================
[2018-11-06 09:04:00] Текст ошибки:Страница не найдена | Файл: G:\OpenServer\domains\ishop2.loc\vendor\ishop\core\Router.php | Строка: 57 
====================
[2018-11-06 09:07:22] Текст ошибки:syntax error, unexpected 'as' (T_AS), expecting ',' or ';' or '{' | Файл: G:\OpenServer\domains\ishop2.loc\vendor\ishop\core\Db.php | Строка: 15 
====================
[2018-11-06 09:07:22] Текст ошибки:Страница не найдена | Файл: G:\OpenServer\domains\ishop2.loc\vendor\ishop\core\Router.php | Строка: 57 
====================
[2018-11-06 09:08:38] Текст ошибки:Страница не найдена | Файл: G:\OpenServer\domains\ishop2.loc\vendor\ishop\core\Router.php | Строка: 57 
====================
[2018-11-06 09:09:37] Текст ошибки:Страница не найдена | Файл: G:\OpenServer\domains\ishop2.loc\vendor\ishop\core\Router.php | Строка: 57 
====================
[2018-11-06 09:18:35] Текст ошибки:Страница не найдена | Файл: G:\OpenServer\domains\ishop2.loc\vendor\ishop\core\Router.php | Строка: 57 
====================
[2018-11-06 09:25:57] Текст ошибки:Страница не найдена | Файл: G:\OpenServer\domains\ishop2.loc\vendor\ishop\core\Router.php | Строка: 57 
====================
[2018-11-06 09:26:14] Текст ошибки:Страница не найдена | Файл: G:\OpenServer\domains\ishop2.loc\vendor\ishop\core\Router.php | Строка: 57 
====================
[2018-11-06 09:27:07] Текст ошибки:Страница не найдена | Файл: G:\OpenServer\domains\ishop2.loc\vendor\ishop\core\Router.php | Строка: 57 
====================
[2018-11-06 09:29:30] Текст ошибки:Страница не найдена | Файл: G:\OpenServer\domains\ishop2.loc\vendor\ishop\core\Router.php | Строка: 57 
====================
[2018-11-06 09:29:59] Текст ошибки:Страница не найдена | Файл: G:\OpenServer\domains\ishop2.loc\vendor\ishop\core\Router.php | Строка: 57 
====================
[2018-11-06 09:31:23] Текст ошибки:Страница не найдена | Файл: G:\OpenServer\domains\ishop2.loc\vendor\ishop\core\Router.php | Строка: 57 
====================
[2018-11-06 09:39:07] Текст ошибки:Class 'R' not found | Файл: G:\OpenServer\domains\ishop2.loc\app\views\layouts\default.php | Строка: 14 
====================
[2018-11-06 09:39:07] Текст ошибки:Страница не найдена | Файл: G:\OpenServer\domains\ishop2.loc\vendor\ishop\core\Router.php | Строка: 57 
====================
[2018-11-06 09:40:46] Текст ошибки:Class 'R' not found | Файл: G:\OpenServer\domains\ishop2.loc\app\views\layouts\default.php | Строка: 14 
====================
[2018-11-06 09:40:46] Текст ошибки:Страница не найдена | Файл: G:\OpenServer\domains\ishop2.loc\vendor\ishop\core\Router.php | Строка: 57 
====================
[2018-11-06 09:42:37] Текст ошибки:Страница не найдена | Файл: G:\OpenServer\domains\ishop2.loc\vendor\ishop\core\Router.php | Строка: 57 
====================
[2018-11-06 09:44:24] Текст ошибки:Страница не найдена | Файл: G:\OpenServer\domains\ishop2.loc\vendor\ishop\core\Router.php | Строка: 57 
====================
[2018-11-06 09:44:26] Текст ошибки:Страница не найдена | Файл: G:\OpenServer\domains\ishop2.loc\vendor\ishop\core\Router.php | Строка: 57 
====================
[2018-11-06 09:51:28] Текст ошибки:Страница не найдена | Файл: G:\OpenServer\domains\ishop2.loc\vendor\ishop\core\Router.php | Строка: 57 
====================
[2018-11-06 09:52:07] Текст ошибки:Страница не найдена | Файл: G:\OpenServer\domains\ishop2.loc\vendor\ishop\core\Router.php | Строка: 57 
====================
[2018-11-06 09:52:24] Текст ошибки:SQLSTATE[42000]: Syntax error or access violation: 1064 You have an error in your SQL syntax; check the manual that corresponds to your MySQL server version for the right syntax to use near 'LIMIT 1   -- keep-cache' at line 1 | Файл: G:\OpenServer\domains\ishop2.loc\vendor\gabordemooij\redbean\RedBeanPHP\Driver\RPDO.php | Строка: 188 
====================
[2018-11-06 09:52:24] Текст ошибки:Страница не найдена | Файл: G:\OpenServer\domains\ishop2.loc\vendor\ishop\core\Router.php | Строка: 57 
====================
[2018-11-06 09:52:42] Текст ошибки:Страница не найдена | Файл: G:\OpenServer\domains\ishop2.loc\vendor\ishop\core\Router.php | Строка: 57 
====================
[2018-11-06 09:53:17] Текст ошибки:Expected array, string given. | Файл: G:\OpenServer\domains\ishop2.loc\vendor\gabordemooij\redbean\RedBeanPHP\Finder.php | Строка: 62 
====================
[2018-11-06 09:53:17] Текст ошибки:Страница не найдена | Файл: G:\OpenServer\domains\ishop2.loc\vendor\ishop\core\Router.php | Строка: 57 
====================
[2018-11-06 09:59:47] Текст ошибки:Expected array, string given. | Файл: G:\OpenServer\domains\ishop2.loc\vendor\gabordemooij\redbean\RedBeanPHP\Finder.php | Строка: 62 
====================
[2018-11-06 09:59:47] Текст ошибки:Страница не найдена | Файл: G:\OpenServer\domains\ishop2.loc\vendor\ishop\core\Router.php | Строка: 57 
====================
[2018-11-06 09:59:55] Текст ошибки:Expected array, string given. | Файл: G:\OpenServer\domains\ishop2.loc\vendor\gabordemooij\redbean\RedBeanPHP\Finder.php | Строка: 62 
====================
[2018-11-06 09:59:55] Текст ошибки:Страница не найдена | Файл: G:\OpenServer\domains\ishop2.loc\vendor\ishop\core\Router.php | Строка: 57 
====================
[2018-11-06 10:00:55] Текст ошибки:Expected array, string given. | Файл: G:\OpenServer\domains\ishop2.loc\vendor\gabordemooij\redbean\RedBeanPHP\Finder.php | Строка: 62 
====================
[2018-11-06 10:00:55] Текст ошибки:Страница не найдена | Файл: G:\OpenServer\domains\ishop2.loc\vendor\ishop\core\Router.php | Строка: 57 
====================
[2018-11-06 10:01:11] Текст ошибки:Страница не найдена | Файл: G:\OpenServer\domains\ishop2.loc\vendor\ishop\core\Router.php | Строка: 57 
====================
[2018-11-06 10:01:26] Текст ошибки:Expected array, string given. | Файл: G:\OpenServer\domains\ishop2.loc\vendor\gabordemooij\redbean\RedBeanPHP\Finder.php | Строка: 62 
====================
[2018-11-06 10:01:26] Текст ошибки:Страница не найдена | Файл: G:\OpenServer\domains\ishop2.loc\vendor\ishop\core\Router.php | Строка: 57 
====================
[2018-11-06 10:01:51] Текст ошибки:Expected array, string given. | Файл: G:\OpenServer\domains\ishop2.loc\vendor\gabordemooij\redbean\RedBeanPHP\Finder.php | Строка: 62 
====================
[2018-11-06 10:01:51] Текст ошибки:Страница не найдена | Файл: G:\OpenServer\domains\ishop2.loc\vendor\ishop\core\Router.php | Строка: 57 
====================
[2018-11-06 10:01:57] Текст ошибки:Expected array, string given. | Файл: G:\OpenServer\domains\ishop2.loc\vendor\gabordemooij\redbean\RedBeanPHP\Finder.php | Строка: 62 
====================
[2018-11-06 10:01:57] Текст ошибки:Страница не найдена | Файл: G:\OpenServer\domains\ishop2.loc\vendor\ishop\core\Router.php | Строка: 57 
====================
[2018-11-06 10:01:59] Текст ошибки:Expected array, string given. | Файл: G:\OpenServer\domains\ishop2.loc\vendor\gabordemooij\redbean\RedBeanPHP\Finder.php | Строка: 62 
====================
[2018-11-06 10:01:59] Текст ошибки:Страница не найдена | Файл: G:\OpenServer\domains\ishop2.loc\vendor\ishop\core\Router.php | Строка: 57 
====================
[2018-11-06 10:02:35] Текст ошибки:Expected array, string given. | Файл: G:\OpenServer\domains\ishop2.loc\vendor\gabordemooij\redbean\RedBeanPHP\Finder.php | Строка: 62 
====================
[2018-11-06 10:02:35] Текст ошибки:Страница не найдена | Файл: G:\OpenServer\domains\ishop2.loc\vendor\ishop\core\Router.php | Строка: 57 
====================
[2018-11-06 10:02:48] Текст ошибки:Expected array, string given. | Файл: G:\OpenServer\domains\ishop2.loc\vendor\gabordemooij\redbean\RedBeanPHP\Finder.php | Строка: 62 
====================
[2018-11-06 10:02:48] Текст ошибки:Страница не найдена | Файл: G:\OpenServer\domains\ishop2.loc\vendor\ishop\core\Router.php | Строка: 57 
====================
[2018-11-06 10:02:59] Текст ошибки:Страница не найдена | Файл: G:\OpenServer\domains\ishop2.loc\vendor\ishop\core\Router.php | Строка: 57 
====================
[2018-11-06 10:03:26] Текст ошибки:Expected array, string given. | Файл: G:\OpenServer\domains\ishop2.loc\vendor\gabordemooij\redbean\RedBeanPHP\Finder.php | Строка: 62 
====================
[2018-11-06 10:03:26] Текст ошибки:Страница не найдена | Файл: G:\OpenServer\domains\ishop2.loc\vendor\ishop\core\Router.php | Строка: 57 
====================
[2018-11-06 10:04:02] Текст ошибки:Страница не найдена | Файл: G:\OpenServer\domains\ishop2.loc\vendor\ishop\core\Router.php | Строка: 57 
====================
[2018-11-06 10:05:52] Текст ошибки:Страница не найдена | Файл: G:\OpenServer\domains\ishop2.loc\vendor\ishop\core\Router.php | Строка: 57 
====================
[2018-11-06 10:06:03] Текст ошибки:Call to a member function grep() on null | Файл: G:\OpenServer\domains\ishop2.loc\app\views\Main\index.php | Строка: 9 
====================
[2018-11-06 10:06:03] Текст ошибки:Страница не найдена | Файл: G:\OpenServer\domains\ishop2.loc\vendor\ishop\core\Router.php | Строка: 57 
====================
[2018-11-06 10:06:23] Текст ошибки:Страница не найдена | Файл: G:\OpenServer\domains\ishop2.loc\vendor\ishop\core\Router.php | Строка: 57 
====================
